  • electron-builder  version=24.13.3 os=10.0.26100
  • loaded configuration  file=C:\Users\mrive\AndroidStudioProjects\american-pos-backend\electron-builder.yml
  • @electron/rebuild not required if you use electron-builder, please consider to remove excess dependency from devDependencies

To ensure your native dependencies are always matched electron version, simply add script `"postinstall": "electron-builder install-app-deps" to your `package.json`
  • skipped dependencies rebuild  reason=npmRebuild is set to false
  • packaging       platform=win32 arch=x64 electron=28.3.3 appOutDir=dist\win-unpacked
  ⨯ remove C:\Users\mrive\AndroidStudioProjects\american-pos-backend\dist\win-unpacked\d3dcompiler_47.dll: Acceso denegado.
github.com/develar/go-fs-util.EnsureEmptyDir
	/Volumes/data/go/pkg/mod/github.com/develar/go-fs-util@v0.0.0-20190620175131-69a2d4542206/fs.go:98
github.com/develar/app-builder/pkg/electron.UnpackElectron.func1.1
	/Volumes/data/Documents/app-builder/pkg/electron/electronUnpack.go:38
github.com/develar/app-builder/pkg/util.MapAsyncConcurrency.func2
	/Volumes/data/Documents/app-builder/pkg/util/async.go:68
runtime.goexit
	/usr/local/Cellar/go/1.17/libexec/src/runtime/asm_amd64.s:1581  
  ⨯ C:\Users\mrive\AndroidStudioProjects\american-pos-backend\node_modules\app-builder-bin\win\x64\app-builder.exe process failed ERR_ELECTRON_BUILDER_CANNOT_EXECUTE
Exit code:
1  failedTask=build stackTrace=Error: C:\Users\mrive\AndroidStudioProjects\american-pos-backend\node_modules\app-builder-bin\win\x64\app-builder.exe process failed ERR_ELECTRON_BUILDER_CANNOT_EXECUTE
Exit code:
1
    at ChildProcess.<anonymous> (C:\Users\mrive\AndroidStudioProjects\american-pos-backend\node_modules\builder-util\src\util.ts:252:14)
    at Object.onceWrapper (node:events:623:26)
    at ChildProcess.emit (node:events:508:28)
    at ChildProcess.cp.emit (C:\Users\mrive\AndroidStudioProjects\american-pos-backend\node_modules\cross-spawn\lib\enoent.js:34:29)
    at maybeClose (node:internal/child_process:1101:16)
    at Process.ChildProcess._handle.onexit (node:internal/child_process:305:5)
